[2024-09-12T14:45:49.715+0000] {local_task_job_runner.py:120} INFO - ::group::Pre task execution logs
[2024-09-12T14:45:49.753+0000] {taskinstance.py:2076} INFO - Dependencies all met for dep_context=non-requeueable deps ti=<TaskInstance: dsp_example.task_1 scheduled__2024-09-12T01:00:00+00:00 [queued]>
[2024-09-12T14:45:49.772+0000] {taskinstance.py:2076} INFO - Dependencies all met for dep_context=requeueable deps ti=<TaskInstance: dsp_example.task_1 scheduled__2024-09-12T01:00:00+00:00 [queued]>
[2024-09-12T14:45:49.773+0000] {taskinstance.py:2306} INFO - Starting attempt 1 of 1
[2024-09-12T14:45:49.793+0000] {taskinstance.py:2330} INFO - Executing <Task(_PythonDecoratedOperator): task_1> on 2024-09-12 01:00:00+00:00
[2024-09-12T14:45:49.803+0000] {warnings.py:112} WARNING - /home/***/.local/lib/python3.12/site-packages/***/task/task_runner/standard_task_runner.py:62: DeprecationWarning: This process (pid=83) is multi-threaded, use of fork() may lead to deadlocks in the child.
  pid = os.fork()

[2024-09-12T14:45:49.807+0000] {standard_task_runner.py:90} INFO - Running: ['***', 'tasks', 'run', 'dsp_example', 'task_1', 'scheduled__2024-09-12T01:00:00+00:00', '--job-id', '5', '--raw', '--subdir', 'DAGS_FOLDER/example.py', '--cfg-path', '/tmp/tmp6da4ujse']
[2024-09-12T14:45:49.808+0000] {standard_task_runner.py:64} INFO - Started process 84 to run task
[2024-09-12T14:45:49.809+0000] {standard_task_runner.py:91} INFO - Job 5: Subtask task_1
[2024-09-12T14:45:49.885+0000] {task_command.py:426} INFO - Running <TaskInstance: dsp_example.task_1 scheduled__2024-09-12T01:00:00+00:00 [running]> on host 256556215b30
[2024-09-12T14:45:50.031+0000] {taskinstance.py:2648} INFO - Exporting env vars: AIRFLOW_CTX_DAG_OWNER='***' AIRFLOW_CTX_DAG_ID='dsp_example' AIRFLOW_CTX_TASK_ID='task_1' AIRFLOW_CTX_EXECUTION_DATE='2024-09-12T01:00:00+00:00' AIRFLOW_CTX_TRY_NUMBER='1' AIRFLOW_CTX_DAG_RUN_ID='scheduled__2024-09-12T01:00:00+00:00'
[2024-09-12T14:45:50.033+0000] {taskinstance.py:430} INFO - ::endgroup::
[2024-09-12T14:45:50.034+0000] {example.py:19} INFO - Task one
[2024-09-12T14:45:50.035+0000] {python.py:237} INFO - Done. Returned value was: 4
[2024-09-12T14:45:50.035+0000] {taskinstance.py:441} INFO - ::group::Post task execution logs
[2024-09-12T14:45:50.071+0000] {taskinstance.py:1206} INFO - Marking task as SUCCESS. dag_id=dsp_example, task_id=task_1, run_id=scheduled__2024-09-12T01:00:00+00:00, execution_date=20240912T010000, start_date=20240912T144549, end_date=20240912T144550
[2024-09-12T14:45:50.104+0000] {local_task_job_runner.py:243} INFO - Task exited with return code 0
[2024-09-12T14:45:50.135+0000] {taskinstance.py:3503} INFO - 1 downstream tasks scheduled from follow-on schedule check
[2024-09-12T14:45:50.138+0000] {local_task_job_runner.py:222} INFO - ::endgroup::
