[2024-09-12T14:44:50.776+0000] {processor.py:161} INFO - Started process (PID=57) to work on /opt/airflow/dags/example.py
[2024-09-12T14:44:50.779+0000] {processor.py:830} INFO - Processing file /opt/airflow/dags/example.py for tasks to queue
[2024-09-12T14:44:50.784+0000] {logging_mixin.py:188} INFO - [2024-09-12T14:44:50.783+0000] {dagbag.py:545} INFO - Filling up the DagBag from /opt/airflow/dags/example.py
[2024-09-12T14:44:50.828+0000] {logging_mixin.py:188} INFO - {{ task_instance.xcom_pull(task_ids='task_2', dag_id='dsp_example', key='return_value') }}
[2024-09-12T14:44:50.845+0000] {processor.py:840} INFO - DAG(s) 'dsp_example' retrieved from /opt/airflow/dags/example.py
[2024-09-12T14:44:51.498+0000] {logging_mixin.py:188} INFO - [2024-09-12T14:44:51.497+0000] {override.py:1858} INFO - Created Permission View: can delete on DAG:dsp_example
[2024-09-12T14:44:51.524+0000] {logging_mixin.py:188} INFO - [2024-09-12T14:44:51.523+0000] {override.py:1858} INFO - Created Permission View: can edit on DAG:dsp_example
[2024-09-12T14:44:51.537+0000] {logging_mixin.py:188} INFO - [2024-09-12T14:44:51.537+0000] {override.py:1858} INFO - Created Permission View: can read on DAG:dsp_example
[2024-09-12T14:44:51.539+0000] {logging_mixin.py:188} INFO - [2024-09-12T14:44:51.538+0000] {dag.py:3089} INFO - Sync 1 DAGs
[2024-09-12T14:44:51.567+0000] {logging_mixin.py:188} INFO - [2024-09-12T14:44:51.567+0000] {dag.py:3111} INFO - Creating ORM DAG for dsp_example
[2024-09-12T14:44:51.592+0000] {logging_mixin.py:188} INFO - [2024-09-12T14:44:51.591+0000] {dag.py:3947} INFO - Setting next_dagrun for dsp_example to 2024-09-12 01:00:00+00:00, run_after=2024-09-12 01:02:00+00:00
[2024-09-12T14:44:51.640+0000] {processor.py:183} INFO - Processing /opt/airflow/dags/example.py took 0.874 seconds
[2024-09-12T14:45:21.917+0000] {processor.py:161} INFO - Started process (PID=64) to work on /opt/airflow/dags/example.py
[2024-09-12T14:45:21.919+0000] {processor.py:830} INFO - Processing file /opt/airflow/dags/example.py for tasks to queue
[2024-09-12T14:45:21.922+0000] {logging_mixin.py:188} INFO - [2024-09-12T14:45:21.922+0000] {dagbag.py:545} INFO - Filling up the DagBag from /opt/airflow/dags/example.py
[2024-09-12T14:45:21.944+0000] {logging_mixin.py:188} INFO - {{ task_instance.xcom_pull(task_ids='task_2', dag_id='dsp_example', key='return_value') }}
[2024-09-12T14:45:21.949+0000] {processor.py:840} INFO - DAG(s) 'dsp_example' retrieved from /opt/airflow/dags/example.py
[2024-09-12T14:45:22.003+0000] {logging_mixin.py:188} INFO - [2024-09-12T14:45:22.003+0000] {dag.py:3089} INFO - Sync 1 DAGs
[2024-09-12T14:45:22.056+0000] {logging_mixin.py:188} INFO - [2024-09-12T14:45:22.055+0000] {dag.py:3947} INFO - Setting next_dagrun for dsp_example to 2024-09-12 01:00:00+00:00, run_after=2024-09-12 01:02:00+00:00
[2024-09-12T14:45:22.092+0000] {processor.py:183} INFO - Processing /opt/airflow/dags/example.py took 0.186 seconds
[2024-09-12T14:45:52.282+0000] {processor.py:161} INFO - Started process (PID=71) to work on /opt/airflow/dags/example.py
[2024-09-12T14:45:52.284+0000] {processor.py:830} INFO - Processing file /opt/airflow/dags/example.py for tasks to queue
[2024-09-12T14:45:52.286+0000] {logging_mixin.py:188} INFO - [2024-09-12T14:45:52.286+0000] {dagbag.py:545} INFO - Filling up the DagBag from /opt/airflow/dags/example.py
[2024-09-12T14:45:52.322+0000] {logging_mixin.py:188} INFO - {{ task_instance.xcom_pull(task_ids='task_2', dag_id='dsp_example', key='return_value') }}
[2024-09-12T14:45:52.327+0000] {processor.py:840} INFO - DAG(s) 'dsp_example' retrieved from /opt/airflow/dags/example.py
[2024-09-12T14:45:52.379+0000] {logging_mixin.py:188} INFO - [2024-09-12T14:45:52.378+0000] {dag.py:3089} INFO - Sync 1 DAGs
[2024-09-12T14:45:52.417+0000] {logging_mixin.py:188} INFO - [2024-09-12T14:45:52.417+0000] {dag.py:3947} INFO - Setting next_dagrun for dsp_example to 2024-09-12 01:02:00+00:00, run_after=2024-09-12 01:04:00+00:00
[2024-09-12T14:45:52.449+0000] {processor.py:183} INFO - Processing /opt/airflow/dags/example.py took 0.176 seconds
[2024-09-12T14:46:22.548+0000] {processor.py:161} INFO - Started process (PID=79) to work on /opt/airflow/dags/example.py
[2024-09-12T14:46:22.550+0000] {processor.py:830} INFO - Processing file /opt/airflow/dags/example.py for tasks to queue
[2024-09-12T14:46:22.553+0000] {logging_mixin.py:188} INFO - [2024-09-12T14:46:22.552+0000] {dagbag.py:545} INFO - Filling up the DagBag from /opt/airflow/dags/example.py
[2024-09-12T14:46:22.577+0000] {logging_mixin.py:188} INFO - {{ task_instance.xcom_pull(task_ids='task_2', dag_id='dsp_example', key='return_value') }}
[2024-09-12T14:46:22.583+0000] {processor.py:840} INFO - DAG(s) 'dsp_example' retrieved from /opt/airflow/dags/example.py
[2024-09-12T14:46:22.630+0000] {logging_mixin.py:188} INFO - [2024-09-12T14:46:22.630+0000] {dag.py:3089} INFO - Sync 1 DAGs
[2024-09-12T14:46:22.695+0000] {processor.py:183} INFO - Processing /opt/airflow/dags/example.py took 0.156 seconds
[2024-09-12T14:46:52.982+0000] {processor.py:161} INFO - Started process (PID=86) to work on /opt/airflow/dags/example.py
[2024-09-12T14:46:52.983+0000] {processor.py:830} INFO - Processing file /opt/airflow/dags/example.py for tasks to queue
[2024-09-12T14:46:52.987+0000] {logging_mixin.py:188} INFO - [2024-09-12T14:46:52.986+0000] {dagbag.py:545} INFO - Filling up the DagBag from /opt/airflow/dags/example.py
[2024-09-12T14:46:53.012+0000] {logging_mixin.py:188} INFO - {{ task_instance.xcom_pull(task_ids='task_2', dag_id='dsp_example', key='return_value') }}
[2024-09-12T14:46:53.017+0000] {processor.py:840} INFO - DAG(s) 'dsp_example' retrieved from /opt/airflow/dags/example.py
[2024-09-12T14:46:53.067+0000] {logging_mixin.py:188} INFO - [2024-09-12T14:46:53.066+0000] {dag.py:3089} INFO - Sync 1 DAGs
[2024-09-12T14:46:53.159+0000] {processor.py:183} INFO - Processing /opt/airflow/dags/example.py took 0.186 seconds
