[2024-09-12T14:46:11.893+0000] {local_task_job_runner.py:120} INFO - ::group::Pre task execution logs
[2024-09-12T14:46:11.934+0000] {taskinstance.py:2076} INFO - Dependencies all met for dep_context=non-requeueable deps ti=<TaskInstance: dsp_example.task_2 scheduled__2024-09-12T01:10:00+00:00 [queued]>
[2024-09-12T14:46:11.949+0000] {taskinstance.py:2076} INFO - Dependencies all met for dep_context=requeueable deps ti=<TaskInstance: dsp_example.task_2 scheduled__2024-09-12T01:10:00+00:00 [queued]>
[2024-09-12T14:46:11.951+0000] {taskinstance.py:2306} INFO - Starting attempt 1 of 1
[2024-09-12T14:46:11.972+0000] {taskinstance.py:2330} INFO - Executing <Task(_PythonDecoratedOperator): task_2> on 2024-09-12 01:10:00+00:00
[2024-09-12T14:46:11.983+0000] {warnings.py:112} WARNING - /home/***/.local/lib/python3.12/site-packages/***/task/task_runner/standard_task_runner.py:62: DeprecationWarning: This process (pid=112) is multi-threaded, use of fork() may lead to deadlocks in the child.
  pid = os.fork()

[2024-09-12T14:46:11.984+0000] {standard_task_runner.py:90} INFO - Running: ['***', 'tasks', 'run', 'dsp_example', 'task_2', 'scheduled__2024-09-12T01:10:00+00:00', '--job-id', '16', '--raw', '--subdir', 'DAGS_FOLDER/example.py', '--cfg-path', '/tmp/tmpegywd3t_']
[2024-09-12T14:46:11.986+0000] {standard_task_runner.py:64} INFO - Started process 113 to run task
[2024-09-12T14:46:11.986+0000] {standard_task_runner.py:91} INFO - Job 16: Subtask task_2
[2024-09-12T14:46:12.054+0000] {task_command.py:426} INFO - Running <TaskInstance: dsp_example.task_2 scheduled__2024-09-12T01:10:00+00:00 [running]> on host 256556215b30
[2024-09-12T14:46:12.220+0000] {taskinstance.py:2648} INFO - Exporting env vars: AIRFLOW_CTX_DAG_OWNER='***' AIRFLOW_CTX_DAG_ID='dsp_example' AIRFLOW_CTX_TASK_ID='task_2' AIRFLOW_CTX_EXECUTION_DATE='2024-09-12T01:10:00+00:00' AIRFLOW_CTX_TRY_NUMBER='1' AIRFLOW_CTX_DAG_RUN_ID='scheduled__2024-09-12T01:10:00+00:00'
[2024-09-12T14:46:12.221+0000] {taskinstance.py:430} INFO - ::endgroup::
[2024-09-12T14:46:12.222+0000] {example.py:24} INFO - x = 4
[2024-09-12T14:46:12.223+0000] {python.py:237} INFO - Done. Returned value was: 40
[2024-09-12T14:46:12.223+0000] {taskinstance.py:441} INFO - ::group::Post task execution logs
[2024-09-12T14:46:12.258+0000] {taskinstance.py:1206} INFO - Marking task as SUCCESS. dag_id=dsp_example, task_id=task_2, run_id=scheduled__2024-09-12T01:10:00+00:00, execution_date=20240912T011000, start_date=20240912T144611, end_date=20240912T144612
[2024-09-12T14:46:12.322+0000] {local_task_job_runner.py:243} INFO - Task exited with return code 0
[2024-09-12T14:46:12.349+0000] {taskinstance.py:3503} INFO - 0 downstream tasks scheduled from follow-on schedule check
[2024-09-12T14:46:12.352+0000] {local_task_job_runner.py:222} INFO - ::endgroup::
