[2024-09-12T14:46:25.115+0000] {local_task_job_runner.py:120} INFO - ::group::Pre task execution logs
[2024-09-12T14:46:25.161+0000] {taskinstance.py:2076} INFO - Dependencies all met for dep_context=non-requeueable deps ti=<TaskInstance: dsp_example.task_1 scheduled__2024-09-12T01:18:00+00:00 [queued]>
[2024-09-12T14:46:25.177+0000] {taskinstance.py:2076} INFO - Dependencies all met for dep_context=requeueable deps ti=<TaskInstance: dsp_example.task_1 scheduled__2024-09-12T01:18:00+00:00 [queued]>
[2024-09-12T14:46:25.179+0000] {taskinstance.py:2306} INFO - Starting attempt 1 of 1
[2024-09-12T14:46:25.200+0000] {taskinstance.py:2330} INFO - Executing <Task(_PythonDecoratedOperator): task_1> on 2024-09-12 01:18:00+00:00
[2024-09-12T14:46:25.210+0000] {warnings.py:112} WARNING - /home/***/.local/lib/python3.12/site-packages/***/task/task_runner/standard_task_runner.py:62: DeprecationWarning: This process (pid=126) is multi-threaded, use of fork() may lead to deadlocks in the child.
  pid = os.fork()

[2024-09-12T14:46:25.213+0000] {standard_task_runner.py:64} INFO - Started process 127 to run task
[2024-09-12T14:46:25.213+0000] {standard_task_runner.py:90} INFO - Running: ['***', 'tasks', 'run', 'dsp_example', 'task_1', 'scheduled__2024-09-12T01:18:00+00:00', '--job-id', '23', '--raw', '--subdir', 'DAGS_FOLDER/example.py', '--cfg-path', '/tmp/tmp0g9wk5gt']
[2024-09-12T14:46:25.215+0000] {standard_task_runner.py:91} INFO - Job 23: Subtask task_1
[2024-09-12T14:46:25.284+0000] {task_command.py:426} INFO - Running <TaskInstance: dsp_example.task_1 scheduled__2024-09-12T01:18:00+00:00 [running]> on host 256556215b30
[2024-09-12T14:46:25.428+0000] {taskinstance.py:2648} INFO - Exporting env vars: AIRFLOW_CTX_DAG_OWNER='***' AIRFLOW_CTX_DAG_ID='dsp_example' AIRFLOW_CTX_TASK_ID='task_1' AIRFLOW_CTX_EXECUTION_DATE='2024-09-12T01:18:00+00:00' AIRFLOW_CTX_TRY_NUMBER='1' AIRFLOW_CTX_DAG_RUN_ID='scheduled__2024-09-12T01:18:00+00:00'
[2024-09-12T14:46:25.430+0000] {taskinstance.py:430} INFO - ::endgroup::
[2024-09-12T14:46:25.431+0000] {example.py:19} INFO - Task one
[2024-09-12T14:46:25.432+0000] {python.py:237} INFO - Done. Returned value was: 4
[2024-09-12T14:46:25.433+0000] {taskinstance.py:441} INFO - ::group::Post task execution logs
[2024-09-12T14:46:25.469+0000] {taskinstance.py:1206} INFO - Marking task as SUCCESS. dag_id=dsp_example, task_id=task_1, run_id=scheduled__2024-09-12T01:18:00+00:00, execution_date=20240912T011800, start_date=20240912T144625, end_date=20240912T144625
[2024-09-12T14:46:25.508+0000] {local_task_job_runner.py:243} INFO - Task exited with return code 0
[2024-09-12T14:46:25.542+0000] {taskinstance.py:3503} INFO - 1 downstream tasks scheduled from follow-on schedule check
[2024-09-12T14:46:25.546+0000] {local_task_job_runner.py:222} INFO - ::endgroup::
